#
# There is insufficient memory for the Java Runtime Environment to continue.
# Native memory allocation (malloc) failed to allocate 1898096 bytes for Chunk::new
# Possible reasons:
#   The system is out of physical RAM or swap space
#   The process is running with CompressedOops enabled, and the Java Heap may be blocking the growth of the native heap
# Possible solutions:
#   Reduce memory load on the system
#   Increase physical memory or swap space
#   Check if swap backing store is full
#   Decrease Java heap size (-Xmx/-Xms)
#   Decrease number of Java threads
#   Decrease Java thread stack sizes (-Xss)
#   Set larger code cache with -XX:ReservedCodeCacheSize=
#   JVM is running with Unscaled Compressed Oops mode in which the Java heap is
#     placed in the first 4GB address space. The Java Heap base address is the
#     maximum limit for the native heap growth. Please use -XX:HeapBaseMinAddress
#     to set the Java Heap base and to place the Java Heap above 4GB virtual address.
# This output file may be truncated or incomplete.
#
#  Out of Memory Error (arena.cpp:184), pid=11184, tid=16716
#
# JRE version: OpenJDK Runtime Environment (19.0.2+7) (build 19.0.2+7-44)
# Java VM: OpenJDK 64-Bit Server VM (19.0.2+7-44, mixed mode, sharing, tiered, compressed oops, compressed class ptrs, g1 gc, windows-amd64)
# No core dump will be written. Minidumps are not enabled by default on client versions of Windows
#

---------------  S U M M A R Y ------------

Command Line: --add-opens=java.base/java.util=ALL-UNNAMED --add-opens=java.base/java.lang=ALL-UNNAMED --add-opens=java.base/java.lang.invoke=ALL-UNNAMED --add-opens=java.prefs/java.util.prefs=ALL-UNNAMED --add-opens=java.base/java.nio.charset=ALL-UNNAMED --add-opens=java.base/java.net=ALL-UNNAMED --add-opens=java.base/java.util.concurrent.atomic=ALL-UNNAMED -Xmx2048m -Dfile.encoding=UTF-8 -Duser.country=RU -Duser.language=ru -Duser.variant org.gradle.launcher.daemon.bootstrap.GradleDaemon 8.0

Host: AMD Ryzen 7 5800H with Radeon Graphics         , 16 cores, 15G,  Windows 11 , 64 bit Build 22621 (10.0.22621.1635)
Time: Sat May 20 14:11:07 2023  Windows 11 , 64 bit Build 22621 (10.0.22621.1635) elapsed time: 2.110534 seconds (0d 0h 0m 2s)

---------------  T H R E A D  ---------------

Current thread (0x00000200e61b6cf0):  JavaThread "C2 CompilerThread0" daemon [_thread_in_native, id=16716, stack(0x000000a4eca00000,0x000000a4ecb00000)]


Current CompileTask:
C2:   2110 2782   !   4       java.net.URLClassLoader::findClass (47 bytes)

Stack: [0x000000a4eca00000,0x000000a4ecb00000]
Native frames: (J=compiled Java code, j=interpreted, Vv=VM code, C=native code)
V  [jvm.dll+0x6ee21a]
V  [jvm.dll+0x85765e]
V  [jvm.dll+0x85904e]
V  [jvm.dll+0x859703]
V  [jvm.dll+0x28298f]
V  [jvm.dll+0xc9adf]
V  [jvm.dll+0xc9e65]
V  [jvm.dll+0x3bca12]
V  [jvm.dll+0x3860e1]
V  [jvm.dll+0x38555a]
V  [jvm.dll+0x24c3d9]
V  [jvm.dll+0x24b781]
V  [jvm.dll+0x1d6ce1]
V  [jvm.dll+0x25b25a]
V  [jvm.dll+0x2596e8]
V  [jvm.dll+0x807588]
V  [jvm.dll+0x80125a]
V  [jvm.dll+0x6ecf0b]
C  [ucrtbase.dll+0x29363]
C  [KERNEL32.DLL+0x126ad]
C  [ntdll.dll+0x5a9f8]


---------------  P R O C E S S  ---------------

Threads class SMR info:
_java_thread_list=0x00000200ec385960, length=30, elements={
0x00000200c6d49e00, 0x00000200e6192970, 0x00000200e61934a0, 0x00000200e6198880,
0x00000200e619b6e0, 0x00000200e619ead0, 0x00000200e61a0ab0, 0x00000200e61b6cf0,
0x00000200e62723f0, 0x00000200e61a1000, 0x00000200e630ace0, 0x00000200e61a1550,
0x00000200e619fac0, 0x00000200e65089a0, 0x00000200ea9795f0, 0x00000200eb032110,
0x00000200eaac2ee0, 0x00000200e619e580, 0x00000200e61a1aa0, 0x00000200e619f570,
0x00000200e619f020, 0x00000200e61a0010, 0x00000200e61a0560, 0x00000200ec4627e0,
0x00000200ec4617f0, 0x00000200ec4647c0, 0x00000200ec467240, 0x00000200ec465d00,
0x00000200ec466250, 0x00000200ec464d10
}

Java Threads: ( => current thread )
  0x00000200c6d49e00 JavaThread "main" [_thread_blocked, id=10732, stack(0x000000a4ebd00000,0x000000a4ebe00000)]
  0x00000200e6192970 JavaThread "Reference Handler" daemon [_thread_blocked, id=15064, stack(0x000000a4ec400000,0x000000a4ec500000)]
  0x00000200e61934a0 JavaThread "Finalizer" daemon [_thread_blocked, id=7532, stack(0x000000a4ec500000,0x000000a4ec600000)]
  0x00000200e6198880 JavaThread "Signal Dispatcher" daemon [_thread_blocked, id=24220, stack(0x000000a4ec600000,0x000000a4ec700000)]
  0x00000200e619b6e0 JavaThread "Attach Listener" daemon [_thread_blocked, id=1840, stack(0x000000a4ec700000,0x000000a4ec800000)]
  0x00000200e619ead0 JavaThread "Service Thread" daemon [_thread_blocked, id=6476, stack(0x000000a4ec800000,0x000000a4ec900000)]
  0x00000200e61a0ab0 JavaThread "Monitor Deflation Thread" daemon [_thread_blocked, id=20348, stack(0x000000a4ec900000,0x000000a4eca00000)]
=>0x00000200e61b6cf0 JavaThread "C2 CompilerThread0" daemon [_thread_in_native, id=16716, stack(0x000000a4eca00000,0x000000a4ecb00000)]
  0x00000200e62723f0 JavaThread "C1 CompilerThread0" daemon [_thread_blocked, id=17808, stack(0x000000a4ecb00000,0x000000a4ecc00000)]
  0x00000200e61a1000 JavaThread "Sweeper thread" daemon [_thread_blocked, id=19324, stack(0x000000a4ecc00000,0x000000a4ecd00000)]
  0x00000200e630ace0 JavaThread "C1 CompilerThread1" daemon [_thread_blocked, id=10852, stack(0x000000a4ecd00000,0x000000a4ece00000)]
  0x00000200e61a1550 JavaThread "Common-Cleaner" daemon [_thread_blocked, id=9556, stack(0x000000a4ece00000,0x000000a4ecf00000)]
  0x00000200e619fac0 JavaThread "Notification Thread" daemon [_thread_blocked, id=14560, stack(0x000000a4ecf00000,0x000000a4ed000000)]
  0x00000200e65089a0 JavaThread "C2 CompilerThread1" daemon [_thread_in_native, id=14972, stack(0x000000a4ed100000,0x000000a4ed200000)]
  0x00000200ea9795f0 JavaThread "C2 CompilerThread2" daemon [_thread_in_native, id=24000, stack(0x000000a4ed200000,0x000000a4ed300000)]
  0x00000200eb032110 JavaThread "C1 CompilerThread2" daemon [_thread_blocked, id=2732, stack(0x000000a4ed500000,0x000000a4ed600000)]
  0x00000200eaac2ee0 JavaThread "C1 CompilerThread3" daemon [_thread_blocked, id=12316, stack(0x000000a4ed600000,0x000000a4ed700000)]
  0x00000200e619e580 JavaThread "Daemon health stats" [_thread_blocked, id=13648, stack(0x000000a4edb00000,0x000000a4edc00000)]
  0x00000200e61a1aa0 JavaThread "Incoming local TCP Connector on port 54449" [_thread_in_native, id=5096, stack(0x000000a4edc00000,0x000000a4edd00000)]
  0x00000200e619f570 JavaThread "Daemon periodic checks" [_thread_blocked, id=23700, stack(0x000000a4ed400000,0x000000a4ed500000)]
  0x00000200e619f020 JavaThread "Daemon" [_thread_blocked, id=15312, stack(0x000000a4ed300000,0x000000a4ed400000)]
  0x00000200e61a0010 JavaThread "Handler for socket connection from /127.0.0.1:54449 to /127.0.0.1:54452" [_thread_in_native, id=6536, stack(0x000000a4edd00000,0x000000a4ede00000)]
  0x00000200e61a0560 JavaThread "Cancel handler" [_thread_blocked, id=7808, stack(0x000000a4ede00000,0x000000a4edf00000)]
  0x00000200ec4627e0 JavaThread "Daemon worker" [_thread_in_Java, id=3120, stack(0x000000a4edf00000,0x000000a4ee000000)]
  0x00000200ec4617f0 JavaThread "Asynchronous log dispatcher for DefaultDaemonConnection: socket connection from /127.0.0.1:54449 to /127.0.0.1:54452" [_thread_blocked, id=20544, stack(0x000000a4ee000000,0x000000a4ee100000)]
  0x00000200ec4647c0 JavaThread "Stdin handler" [_thread_blocked, id=26696, stack(0x000000a4ee100000,0x000000a4ee200000)]
  0x00000200ec467240 JavaThread "Daemon client event forwarder" [_thread_blocked, id=11440, stack(0x000000a4ee200000,0x000000a4ee300000)]
  0x00000200ec465d00 JavaThread "Cache worker for journal cache (C:\Users\archi\.gradle\caches\journal-1)" [_thread_blocked, id=6528, stack(0x000000a4ee300000,0x000000a4ee400000)]
  0x00000200ec466250 JavaThread "File lock request listener" [_thread_in_native, id=17964, stack(0x000000a4ee400000,0x000000a4ee500000)]
  0x00000200ec464d10 JavaThread "Cache worker for file hash cache (C:\Users\archi\.gradle\caches\8.0\fileHashes)" [_thread_blocked, id=24932, stack(0x000000a4ee500000,0x000000a4ee600000)]

Other Threads:
  0x00000200e617a9d0 VMThread "VM Thread" [stack: 0x000000a4ec300000,0x000000a4ec400000] [id=23540]
  0x00000200e63e9d80 WatcherThread "VM Periodic Task Thread" [stack: 0x000000a4ed000000,0x000000a4ed100000] [id=22424]
  0x00000200c6dabd70 WorkerThread "GC Thread#0" [stack: 0x000000a4ebe00000,0x000000a4ebf00000] [id=2320]
  0x00000200e6439930 WorkerThread "GC Thread#1" [stack: 0x000000a4ed700000,0x000000a4ed800000] [id=6228]
  0x00000200e6439390 WorkerThread "GC Thread#2" [stack: 0x000000a4ed800000,0x000000a4ed900000] [id=20380]
  0x00000200e643a740 WorkerThread "GC Thread#3" [stack: 0x000000a4ed900000,0x000000a4eda00000] [id=5856]
  0x00000200e643aa10 WorkerThread "GC Thread#4" [stack: 0x000000a4eda00000,0x000000a4edb00000] [id=16680]
  0x00000200c6dbcfd0 ConcurrentGCThread "G1 Main Marker" [stack: 0x000000a4ebf00000,0x000000a4ec000000] [id=8124]
  0x00000200c6dbe1a0 WorkerThread "G1 Conc#0" [stack: 0x000000a4ec000000,0x000000a4ec100000] [id=25564]
  0x00000200e60b4dd0 ConcurrentGCThread "G1 Refine#0" [stack: 0x000000a4ec100000,0x000000a4ec200000] [id=10700]
  0x00000200e60b8af0 ConcurrentGCThread "G1 Service" [stack: 0x000000a4ec200000,0x000000a4ec300000] [id=3084]

Threads with active compile tasks:
C2 CompilerThread0     2130 2782   !   4       java.net.URLClassLoader::findClass (47 bytes)
C2 CompilerThread1     2130 2667   !   4       java.lang.ClassLoader::loadClass (121 bytes)
C2 CompilerThread2     2130 2895       4       java.net.URLClassLoader$1::run (5 bytes)

VM state: not at safepoint (normal execution)

VM Mutex/Monitor currently owned by a thread: None

Heap address: 0x0000000080000000, size: 2048 MB, Compressed Oops mode: 32-bit

CDS archive(s) mapped at: [0x0000000800000000-0x0000000800c40000-0x0000000800c40000), size 12845056, SharedBaseAddress: 0x0000000800000000, ArchiveRelocationMode: 0.
Compressed class space mapped at: 0x0000000801000000-0x0000000841000000, reserved size: 1073741824
Narrow klass base: 0x0000000800000000, Narrow klass shift: 0, Narrow klass range: 0x100000000

GC Precious Log:
 CardTable entry size: 512
 Card Set container configuration: InlinePtr #cards 5 size 8 Array Of Cards #cards 12 size 40 Howl #buckets 4 coarsen threshold 1843 Howl Bitmap #cards 512 size 80 coarsen threshold 460 Card regions per heap region 1 cards per card region 2048
 CPUs: 16 total, 16 available
 Memory: 15720M
 Large Page Support: Disabled
 NUMA Support: Disabled
 Compressed Oops: Enabled (32-bit)
 Heap Region Size: 1M
 Heap Min Capacity: 8M
 Heap Initial Capacity: 246M
 Heap Max Capacity: 2G
 Pre-touch: Disabled
 Parallel Workers: 13
 Concurrent Workers: 3
 Concurrent Refinement Workers: 13
 Periodic GC: Disabled

Heap:
 garbage-first heap   total 251904K, used 84154K [0x0000000080000000, 0x0000000100000000)
  region size 1024K, 73 young (74752K), 4 survivors (4096K)
 Metaspace       used 18332K, committed 18944K, reserved 1114112K
  class space    used 2575K, committed 2880K, reserved 1048576K

Heap Regions: E=young(eden), S=young(survivor), O=old, HS=humongous(starts), HC=humongous(continues), CS=collection set, F=free, OA=open archive, CA=closed archive, TAMS=top-at-mark-start (previous, next)
|   0|0x0000000080000000, 0x0000000080100000, 0x0000000080100000|100%|HS|  |TAMS 0x0000000080000000, 0x0000000080000000| Complete 
|   1|0x0000000080100000, 0x0000000080200000, 0x0000000080200000|100%|HC|  |TAMS 0x0000000080100000, 0x0000000080100000| Complete 
|   2|0x0000000080200000, 0x0000000080300000, 0x0000000080300000|100%|HC|  |TAMS 0x0000000080200000, 0x0000000080200000| Complete 
|   3|0x0000000080300000, 0x0000000080400000, 0x0000000080400000|100%|HC|  |TAMS 0x0000000080300000, 0x0000000080300000| Complete 
|   4|0x0000000080400000, 0x0000000080500000, 0x0000000080500000|100%| O|  |TAMS 0x0000000080400000, 0x0000000080400000| Untracked 
|   5|0x0000000080500000, 0x0000000080600000, 0x0000000080600000|100%| O|  |TAMS 0x0000000080500000, 0x0000000080500000| Untracked 
|   6|0x0000000080600000, 0x0000000080700000, 0x0000000080700000|100%| O|  |TAMS 0x0000000080600000, 0x0000000080600000| Untracked 
|   7|0x0000000080700000, 0x0000000080800000, 0x0000000080800000|100%| O|  |TAMS 0x0000000080700000, 0x0000000080700000| Untracked 
|   8|0x0000000080800000, 0x0000000080800000, 0x0000000080900000|  0%| F|  |TAMS 0x0000000080800000, 0x0000000080800000| Untracked 
|   9|0x0000000080900000, 0x0000000080a00000, 0x0000000080a00000|100%| O|  |TAMS 0x0000000080900000, 0x0000000080900000| Untracked 
|  10|0x0000000080a00000, 0x0000000080b00000, 0x0000000080b00000|100%| O|  |TAMS 0x0000000080a00000, 0x0000000080a00000| Untracked 
|  11|0x0000000080b00000, 0x0000000080b2e800, 0x0000000080c00000| 18%| O|  |TAMS 0x0000000080b00000, 0x0000000080b00000| Untracked 
|  12|0x0000000080c00000, 0x0000000080c00000, 0x0000000080d00000|  0%| F|  |TAMS 0x0000000080c00000, 0x0000000080c00000| Untracked 
|  13|0x0000000080d00000, 0x0000000080d00000, 0x0000000080e00000|  0%| F|  |TAMS 0x0000000080d00000, 0x0000000080d00000| Untracked 
|  14|0x0000000080e00000, 0x0000000080e00000, 0x0000000080f00000|  0%| F|  |TAMS 0x0000000080e00000, 0x0000000080e00000| Untracked 
|  15|0x0000000080f00000, 0x0000000080f00000, 0x0000000081000000|  0%| F|  |TAMS 0x0000000080f00000, 0x0000000080f00000| Untracked 
|  16|0x0000000081000000, 0x0000000081000000, 0x0000000081100000|  0%| F|  |TAMS 0x0000000081000000, 0x0000000081000000| Untracked 
|  17|0x0000000081100000, 0x0000000081100000, 0x0000000081200000|  0%| F|  |TAMS 0x0000000081100000, 0x0000000081100000| Untracked 
|  18|0x0000000081200000, 0x0000000081200000, 0x0000000081300000|  0%| F|  |TAMS 0x0000000081200000, 0x0000000081200000| Untracked 
|  19|0x0000000081300000, 0x0000000081300000, 0x0000000081400000|  0%| F|  |TAMS 0x0000000081300000, 0x0000000081300000| Untracked 
|  20|0x0000000081400000, 0x0000000081400000, 0x0000000081500000|  0%| F|  |TAMS 0x0000000081400000, 0x0000000081400000| Untracked 
|  21|0x0000000081500000, 0x0000000081500000, 0x0000000081600000|  0%| F|  |TAMS 0x0000000081500000, 0x0000000081500000| Untracked 
|  22|0x0000000081600000, 0x0000000081600000, 0x0000000081700000|  0%| F|  |TAMS 0x0000000081600000, 0x0000000081600000| Untracked 
|  23|0x0000000081700000, 0x0000000081700000, 0x0000000081800000|  0%| F|  |TAMS 0x0000000081700000, 0x0000000081700000| Untracked 
|  24|0x0000000081800000, 0x0000000081800000, 0x0000000081900000|  0%| F|  |TAMS 0x0000000081800000, 0x0000000081800000| Untracked 
|  25|0x0000000081900000, 0x0000000081900000, 0x0000000081a00000|  0%| F|  |TAMS 0x0000000081900000, 0x0000000081900000| Untracked 
|  26|0x0000000081a00000, 0x0000000081a00000, 0x0000000081b00000|  0%| F|  |TAMS 0x0000000081a00000, 0x0000000081a00000| Untracked 
|  27|0x0000000081b00000, 0x0000000081b00000, 0x0000000081c00000|  0%| F|  |TAMS 0x0000000081b00000, 0x0000000081b00000| Untracked 
|  28|0x0000000081c00000, 0x0000000081c00000, 0x0000000081d00000|  0%| F|  |TAMS 0x0000000081c00000, 0x0000000081c00000| Untracked 
|  29|0x0000000081d00000, 0x0000000081d00000, 0x0000000081e00000|  0%| F|  |TAMS 0x0000000081d00000, 0x0000000081d00000| Untracked 
|  30|0x0000000081e00000, 0x0000000081e00000, 0x0000000081f00000|  0%| F|  |TAMS 0x0000000081e00000, 0x0000000081e00000| Untracked 
|  31|0x0000000081f00000, 0x0000000081f00000, 0x0000000082000000|  0%| F|  |TAMS 0x0000000081f00000, 0x0000000081f00000| Untracked 
|  32|0x0000000082000000, 0x0000000082000000, 0x0000000082100000|  0%| F|  |TAMS 0x0000000082000000, 0x0000000082000000| Untracked 
|  33|0x0000000082100000, 0x0000000082100000, 0x0000000082200000|  0%| F|  |TAMS 0x0000000082100000, 0x0000000082100000| Untracked 
|  34|0x0000000082200000, 0x0000000082200000, 0x0000000082300000|  0%| F|  |TAMS 0x0000000082200000, 0x0000000082200000| Untracked 
|  35|0x0000000082300000, 0x0000000082300000, 0x0000000082400000|  0%| F|  |TAMS 0x0000000082300000, 0x0000000082300000| Untracked 
|  36|0x0000000082400000, 0x0000000082400000, 0x0000000082500000|  0%| F|  |TAMS 0x0000000082400000, 0x0000000082400000| Untracked 
|  37|0x0000000082500000, 0x0000000082500000, 0x0000000082600000|  0%| F|  |TAMS 0x0000000082500000, 0x0000000082500000| Untracked 
|  38|0x0000000082600000, 0x0000000082600000, 0x0000000082700000|  0%| F|  |TAMS 0x0000000082600000, 0x0000000082600000| Untracked 
|  39|0x0000000082700000, 0x0000000082700000, 0x0000000082800000|  0%| F|  |TAMS 0x0000000082700000, 0x0000000082700000| Untracked 
|  40|0x0000000082800000, 0x0000000082800000, 0x0000000082900000|  0%| F|  |TAMS 0x0000000082800000, 0x0000000082800000| Untracked 
|  41|0x0000000082900000, 0x0000000082900000, 0x0000000082a00000|  0%| F|  |TAMS 0x0000000082900000, 0x0000000082900000| Untracked 
|  42|0x0000000082a00000, 0x0000000082a00000, 0x0000000082b00000|  0%| F|  |TAMS 0x0000000082a00000, 0x0000000082a00000| Untracked 
|  43|0x0000000082b00000, 0x0000000082b00000, 0x0000000082c00000|  0%| F|  |TAMS 0x0000000082b00000, 0x0000000082b00000| Untracked 
|  44|0x0000000082c00000, 0x0000000082c00000, 0x0000000082d00000|  0%| F|  |TAMS 0x0000000082c00000, 0x0000000082c00000| Untracked 
|  45|0x0000000082d00000, 0x0000000082d00000, 0x0000000082e00000|  0%| F|  |TAMS 0x0000000082d00000, 0x0000000082d00000| Untracked 
|  46|0x0000000082e00000, 0x0000000082e00000, 0x0000000082f00000|  0%| F|  |TAMS 0x0000000082e00000, 0x0000000082e00000| Untracked 
|  47|0x0000000082f00000, 0x0000000082f00000, 0x0000000083000000|  0%| F|  |TAMS 0x0000000082f00000, 0x0000000082f00000| Untracked 
|  48|0x0000000083000000, 0x0000000083000000, 0x0000000083100000|  0%| F|  |TAMS 0x0000000083000000, 0x0000000083000000| Untracked 
|  49|0x0000000083100000, 0x0000000083100000, 0x0000000083200000|  0%| F|  |TAMS 0x0000000083100000, 0x0000000083100000| Untracked 
|  50|0x0000000083200000, 0x0000000083200000, 0x0000000083300000|  0%| F|  |TAMS 0x0000000083200000, 0x0000000083200000| Untracked 
|  51|0x0000000083300000, 0x0000000083300000, 0x0000000083400000|  0%| F|  |TAMS 0x0000000083300000, 0x0000000083300000| Untracked 
|  52|0x0000000083400000, 0x0000000083400000, 0x0000000083500000|  0%| F|  |TAMS 0x0000000083400000, 0x0000000083400000| Untracked 
|  53|0x0000000083500000, 0x0000000083500000, 0x0000000083600000|  0%| F|  |TAMS 0x0000000083500000, 0x0000000083500000| Untracked 
|  54|0x0000000083600000, 0x0000000083600000, 0x0000000083700000|  0%| F|  |TAMS 0x0000000083600000, 0x0000000083600000| Untracked 
|  55|0x0000000083700000, 0x0000000083700000, 0x0000000083800000|  0%| F|  |TAMS 0x0000000083700000, 0x0000000083700000| Untracked 
|  56|0x0000000083800000, 0x0000000083800000, 0x0000000083900000|  0%| F|  |TAMS 0x0000000083800000, 0x0000000083800000| Untracked 
|  57|0x0000000083900000, 0x0000000083900000, 0x0000000083a00000|  0%| F|  |TAMS 0x0000000083900000, 0x0000000083900000| Untracked 
|  58|0x0000000083a00000, 0x0000000083a00000, 0x0000000083b00000|  0%| F|  |TAMS 0x0000000083a00000, 0x0000000083a00000| Untracked 
|  59|0x0000000083b00000, 0x0000000083b00000, 0x0000000083c00000|  0%| F|  |TAMS 0x0000000083b00000, 0x0000000083b00000| Untracked 
|  60|0x0000000083c00000, 0x0000000083c00000, 0x0000000083d00000|  0%| F|  |TAMS 0x0000000083c00000, 0x0000000083c00000| Untracked 
|  61|0x0000000083d00000, 0x0000000083d00000, 0x0000000083e00000|  0%| F|  |TAMS 0x0000000083d00000, 0x0000000083d00000| Untracked 
|  62|0x0000000083e00000, 0x0000000083e00000, 0x0000000083f00000|  0%| F|  |TAMS 0x0000000083e00000, 0x0000000083e00000| Untracked 
|  63|0x0000000083f00000, 0x0000000083f00000, 0x0000000084000000|  0%| F|  |TAMS 0x0000000083f00000, 0x0000000083f00000| Untracked 
|  64|0x0000000084000000, 0x0000000084000000, 0x0000000084100000|  0%| F|  |TAMS 0x0000000084000000, 0x0000000084000000| Untracked 
|  65|0x0000000084100000, 0x0000000084100000, 0x0000000084200000|  0%| F|  |TAMS 0x0000000084100000, 0x0000000084100000| Untracked 
|  66|0x0000000084200000, 0x0000000084200000, 0x0000000084300000|  0%| F|  |TAMS 0x0000000084200000, 0x0000000084200000| Untracked 
|  67|0x0000000084300000, 0x0000000084300000, 0x0000000084400000|  0%| F|  |TAMS 0x0000000084300000, 0x0000000084300000| Untracked 
|  68|0x0000000084400000, 0x0000000084400000, 0x0000000084500000|  0%| F|  |TAMS 0x0000000084400000, 0x0000000084400000| Untracked 
|  69|0x0000000084500000, 0x0000000084500000, 0x0000000084600000|  0%| F|  |TAMS 0x0000000084500000, 0x0000000084500000| Untracked 
|  70|0x0000000084600000, 0x0000000084600000, 0x0000000084700000|  0%| F|  |TAMS 0x0000000084600000, 0x0000000084600000| Untracked 
|  71|0x0000000084700000, 0x0000000084700000, 0x0000000084800000|  0%| F|  |TAMS 0x0000000084700000, 0x0000000084700000| Untracked 
|  72|0x0000000084800000, 0x0000000084800000, 0x0000000084900000|  0%| F|  |TAMS 0x0000000084800000, 0x0000000084800000| Untracked 
|  73|0x0000000084900000, 0x0000000084900000, 0x0000000084a00000|  0%| F|  |TAMS 0x0000000084900000, 0x0000000084900000| Untracked 
|  74|0x0000000084a00000, 0x0000000084a00000, 0x0000000084b00000|  0%| F|  |TAMS 0x0000000084a00000, 0x0000000084a00000| Untracked 
|  75|0x0000000084b00000, 0x0000000084b00000, 0x0000000084c00000|  0%| F|  |TAMS 0x0000000084b00000, 0x0000000084b00000| Untracked 
|  76|0x0000000084c00000, 0x0000000084c00000, 0x0000000084d00000|  0%| F|  |TAMS 0x0000000084c00000, 0x0000000084c00000| Untracked 
|  77|0x0000000084d00000, 0x0000000084d00000, 0x0000000084e00000|  0%| F|  |TAMS 0x0000000084d00000, 0x0000000084d00000| Untracked 
|  78|0x0000000084e00000, 0x0000000084e00000, 0x0000000084f00000|  0%| F|  |TAMS 0x0000000084e00000, 0x0000000084e00000| Untracked 
|  79|0x0000000084f00000, 0x0000000084f00000, 0x0000000085000000|  0%| F|  |TAMS 0x0000000084f00000, 0x0000000084f00000| Untracked 
|  80|0x0000000085000000, 0x0000000085000000, 0x0000000085100000|  0%| F|  |TAMS 0x0000000085000000, 0x0000000085000000| Untracked 
|  81|0x0000000085100000, 0x0000000085100000, 0x0000000085200000|  0%| F|  |TAMS 0x0000000085100000, 0x0000000085100000| Untracked 
|  82|0x0000000085200000, 0x0000000085200000, 0x0000000085300000|  0%| F|  |TAMS 0x0000000085200000, 0x0000000085200000| Untracked 
|  83|0x0000000085300000, 0x0000000085300000, 0x0000000085400000|  0%| F|  |TAMS 0x0000000085300000, 0x0000000085300000| Untracked 
|  84|0x0000000085400000, 0x0000000085400000, 0x0000000085500000|  0%| F|  |TAMS 0x0000000085400000, 0x0000000085400000| Untracked 
|  85|0x0000000085500000, 0x0000000085500000, 0x0000000085600000|  0%| F|  |TAMS 0x0000000085500000, 0x0000000085500000| Untracked 
|  86|0x0000000085600000, 0x0000000085600000, 0x0000000085700000|  0%| F|  |TAMS 0x0000000085600000, 0x0000000085600000| Untracked 
|  87|0x0000000085700000, 0x0000000085700000, 0x0000000085800000|  0%| F|  |TAMS 0x0000000085700000, 0x0000000085700000| Untracked 
|  88|0x0000000085800000, 0x0000000085800000, 0x0000000085900000|  0%| F|  |TAMS 0x0000000085800000, 0x0000000085800000| Untracked 
|  89|0x0000000085900000, 0x0000000085900000, 0x0000000085a00000|  0%| F|  |TAMS 0x0000000085900000, 0x0000000085900000| Untracked 
|  90|0x0000000085a00000, 0x0000000085a00000, 0x0000000085b00000|  0%| F|  |TAMS 0x0000000085a00000, 0x0000000085a00000| Untracked 
|  91|0x0000000085b00000, 0x0000000085b00000, 0x0000000085c00000|  0%| F|  |TAMS 0x0000000085b00000, 0x0000000085b00000| Untracked 
|  92|0x0000000085c00000, 0x0000000085c00000, 0x0000000085d00000|  0%| F|  |TAMS 0x0000000085c00000, 0x0000000085c00000| Untracked 
|  93|0x0000000085d00000, 0x0000000085d00000, 0x0000000085e00000|  0%| F|  |TAMS 0x0000000085d00000, 0x0000000085d00000| Untracked 
|  94|0x0000000085e00000, 0x0000000085e00000, 0x0000000085f00000|  0%| F|  |TAMS 0x0000000085e00000, 0x0000000085e00000| Untracked 
|  95|0x0000000085f00000, 0x0000000085f00000, 0x0000000086000000|  0%| F|  |TAMS 0x0000000085f00000, 0x0000000085f00000| Untracked 
|  96|0x0000000086000000, 0x0000000086000000, 0x0000000086100000|  0%| F|  |TAMS 0x0000000086000000, 0x0000000086000000| Untracked 
|  97|0x0000000086100000, 0x0000000086100000, 0x0000000086200000|  0%| F|  |TAMS 0x0000000086100000, 0x0000000086100000| Untracked 
|  98|0x0000000086200000, 0x0000000086200000, 0x0000000086300000|  0%| F|  |TAMS 0x0000000086200000, 0x0000000086200000| Untracked 
|  99|0x0000000086300000, 0x0000000086300000, 0x0000000086400000|  0%| F|  |TAMS 0x0000000086300000, 0x0000000086300000| Untracked 
| 100|0x0000000086400000, 0x0000000086400000, 0x0000000086500000|  0%| F|  |TAMS 0x0000000086400000, 0x0000000086400000| Untracked 
| 101|0x0000000086500000, 0x0000000086500000, 0x0000000086600000|  0%| F|  |TAMS 0x0000000086500000, 0x0000000086500000| Untracked 
| 102|0x0000000086600000, 0x0000000086600000, 0x0000000086700000|  0%| F|  |TAMS 0x0000000086600000, 0x0000000086600000| Untracked 
| 103|0x0000000086700000, 0x0000000086700000, 0x0000000086800000|  0%| F|  |TAMS 0x0000000086700000, 0x0000000086700000| Untracked 
| 104|0x0000000086800000, 0x0000000086800000, 0x0000000086900000|  0%| F|  |TAMS 0x0000000086800000, 0x0000000086800000| Untracked 
| 105|0x0000000086900000, 0x0000000086900000, 0x0000000086a00000|  0%| F|  |TAMS 0x0000000086900000, 0x0000000086900000| Untracked 
| 106|0x0000000086a00000, 0x0000000086a00000, 0x0000000086b00000|  0%| F|  |TAMS 0x0000000086a00000, 0x0000000086a00000| Untracked 
| 107|0x0000000086b00000, 0x0000000086b00000, 0x0000000086c00000|  0%| F|  |TAMS 0x0000000086b00000, 0x0000000086b00000| Untracked 
| 108|0x0000000086c00000, 0x0000000086c00000, 0x0000000086d00000|  0%| F|  |TAMS 0x0000000086c00000, 0x0000000086c00000| Untracked 
| 109|0x0000000086d00000, 0x0000000086d00000, 0x0000000086e00000|  0%| F|  |TAMS 0x0000000086d00000, 0x0000000086d00000| Untracked 
| 110|0x0000000086e00000, 0x0000000086e00000, 0x0000000086f00000|  0%| F|  |TAMS 0x0000000086e00000, 0x0000000086e00000| Untracked 
| 111|0x0000000086f00000, 0x0000000086f00000, 0x0000000087000000|  0%| F|  |TAMS 0x0000000086f00000, 0x0000000086f00000| Untracked 
| 112|0x0000000087000000, 0x0000000087000000, 0x0000000087100000|  0%| F|  |TAMS 0x0000000087000000, 0x0000000087000000| Untracked 
| 113|0x0000000087100000, 0x0000000087100000, 0x0000000087200000|  0%| F|  |TAMS 0x0000000087100000, 0x0000000087100000| Untracked 
| 114|0x0000000087200000, 0x0000000087200000, 0x0000000087300000|  0%| F|  |TAMS 0x0000000087200000, 0x0000000087200000| Untracked 
| 115|0x0000000087300000, 0x0000000087300000, 0x0000000087400000|  0%| F|  |TAMS 0x0000000087300000, 0x0000000087300000| Untracked 
| 116|0x0000000087400000, 0x0000000087400000, 0x0000000087500000|  0%| F|  |TAMS 0x0000000087400000, 0x0000000087400000| Untracked 
| 117|0x0000000087500000, 0x0000000087500000, 0x0000000087600000|  0%| F|  |TAMS 0x0000000087500000, 0x0000000087500000| Untracked 
| 118|0x0000000087600000, 0x0000000087600000, 0x0000000087700000|  0%| F|  |TAMS 0x0000000087600000, 0x0000000087600000| Untracked 
| 119|0x0000000087700000, 0x0000000087700000, 0x0000000087800000|  0%| F|  |TAMS 0x0000000087700000, 0x0000000087700000| Untracked 
| 120|0x0000000087800000, 0x0000000087800000, 0x0000000087900000|  0%| F|  |TAMS 0x0000000087800000, 0x0000000087800000| Untracked 
| 121|0x0000000087900000, 0x0000000087900000, 0x0000000087a00000|  0%| F|  |TAMS 0x0000000087900000, 0x0000000087900000| Untracked 
| 122|0x0000000087a00000, 0x0000000087a00000, 0x0000000087b00000|  0%| F|  |TAMS 0x0000000087a00000, 0x0000000087a00000| Untracked 
| 123|0x0000000087b00000, 0x0000000087b00000, 0x0000000087c00000|  0%| F|  |TAMS 0x0000000087b00000, 0x0000000087b00000| Untracked 
| 124|0x0000000087c00000, 0x0000000087c00000, 0x0000000087d00000|  0%| F|  |TAMS 0x0000000087c00000, 0x0000000087c00000| Untracked 
| 125|0x0000000087d00000, 0x0000000087d00000, 0x0000000087e00000|  0%| F|  |TAMS 0x0000000087d00000, 0x0000000087d00000| Untracked 
| 126|0x0000000087e00000, 0x0000000087e00000, 0x0000000087f00000|  0%| F|  |TAMS 0x0000000087e00000, 0x0000000087e00000| Untracked 
| 127|0x0000000087f00000, 0x0000000087f00000, 0x0000000088000000|  0%| F|  |TAMS 0x0000000087f00000, 0x0000000087f00000| Untracked 
| 128|0x0000000088000000, 0x0000000088000000, 0x0000000088100000|  0%| F|  |TAMS 0x0000000088000000, 0x0000000088000000| Untracked 
| 129|0x0000000088100000, 0x0000000088100000, 0x0000000088200000|  0%| F|  |TAMS 0x0000000088100000, 0x0000000088100000| Untracked 
| 130|0x0000000088200000, 0x0000000088200000, 0x0000000088300000|  0%| F|  |TAMS 0x0000000088200000, 0x0000000088200000| Untracked 
| 131|0x0000000088300000, 0x0000000088300000, 0x0000000088400000|  0%| F|  |TAMS 0x0000000088300000, 0x0000000088300000| Untracked 
| 132|0x0000000088400000, 0x0000000088400000, 0x0000000088500000|  0%| F|  |TAMS 0x0000000088400000, 0x0000000088400000| Untracked 
| 133|0x0000000088500000, 0x0000000088500000, 0x0000000088600000|  0%| F|  |TAMS 0x0000000088500000, 0x0000000088500000| Untracked 
| 134|0x0000000088600000, 0x0000000088600000, 0x0000000088700000|  0%| F|  |TAMS 0x0000000088600000, 0x0000000088600000| Untracked 
| 135|0x0000000088700000, 0x0000000088700000, 0x0000000088800000|  0%| F|  |TAMS 0x0000000088700000, 0x0000000088700000| Untracked 
| 136|0x0000000088800000, 0x0000000088800000, 0x0000000088900000|  0%| F|  |TAMS 0x0000000088800000, 0x0000000088800000| Untracked 
| 137|0x0000000088900000, 0x0000000088900000, 0x0000000088a00000|  0%| F|  |TAMS 0x0000000088900000, 0x0000000088900000| Untracked 
| 138|0x0000000088a00000, 0x0000000088a00000, 0x0000000088b00000|  0%| F|  |TAMS 0x0000000088a00000, 0x0000000088a00000| Untracked 
| 139|0x0000000088b00000, 0x0000000088b00000, 0x0000000088c00000|  0%| F|  |TAMS 0x0000000088b00000, 0x0000000088b00000| Untracked 
| 140|0x0000000088c00000, 0x0000000088c00000, 0x0000000088d00000|  0%| F|  |TAMS 0x0000000088c00000, 0x0000000088c00000| Untracked 
| 141|0x0000000088d00000, 0x0000000088d00000, 0x0000000088e00000|  0%| F|  |TAMS 0x0000000088d00000, 0x0000000088d00000| Untracked 
| 142|0x0000000088e00000, 0x0000000088e00000, 0x0000000088f00000|  0%| F|  |TAMS 0x0000000088e00000, 0x0000000088e00000| Untracked 
| 143|0x0000000088f00000, 0x0000000088f00000, 0x0000000089000000|  0%| F|  |TAMS 0x0000000088f00000, 0x0000000088f00000| Untracked 
| 144|0x0000000089000000, 0x0000000089000000, 0x0000000089100000|  0%| F|  |TAMS 0x0000000089000000, 0x0000000089000000| Untracked 
| 145|0x0000000089100000, 0x0000000089100000, 0x0000000089200000|  0%| F|  |TAMS 0x0000000089100000, 0x0000000089100000| Untracked 
| 146|0x0000000089200000, 0x0000000089200000, 0x0000000089300000|  0%| F|  |TAMS 0x0000000089200000, 0x0000000089200000| Untracked 
| 147|0x0000000089300000, 0x0000000089300000, 0x0000000089400000|  0%| F|  |TAMS 0x0000000089300000, 0x0000000089300000| Untracked 
| 148|0x0000000089400000, 0x0000000089400000, 0x0000000089500000|  0%| F|  |TAMS 0x0000000089400000, 0x0000000089400000| Untracked 
| 149|0x0000000089500000, 0x0000000089500000, 0x0000000089600000|  0%| F|  |TAMS 0x0000000089500000, 0x0000000089500000| Untracked 
| 150|0x0000000089600000, 0x0000000089600000, 0x0000000089700000|  0%| F|  |TAMS 0x0000000089600000, 0x0000000089600000| Untracked 
| 151|0x0000000089700000, 0x0000000089700000, 0x0000000089800000|  0%| F|  |TAMS 0x0000000089700000, 0x0000000089700000| Untracked 
| 152|0x0000000089800000, 0x0000000089800000, 0x0000000089900000|  0%| F|  |TAMS 0x0000000089800000, 0x0000000089800000| Untracked 
| 153|0x0000000089900000, 0x0000000089900000, 0x0000000089a00000|  0%| F|  |TAMS 0x0000000089900000, 0x0000000089900000| Untracked 
| 154|0x0000000089a00000, 0x0000000089a00000, 0x0000000089b00000|  0%| F|  |TAMS 0x0000000089a00000, 0x0000000089a00000| Untracked 
| 155|0x0000000089b00000, 0x0000000089b00000, 0x0000000089c00000|  0%| F|  |TAMS 0x0000000089b00000, 0x0000000089b00000| Untracked 
| 156|0x0000000089c00000, 0x0000000089c00000, 0x0000000089d00000|  0%| F|  |TAMS 0x0000000089c00000, 0x0000000089c00000| Untracked 
| 157|0x0000000089d00000, 0x0000000089d00000, 0x0000000089e00000|  0%| F|  |TAMS 0x0000000089d00000, 0x0000000089d00000| Untracked 
| 158|0x0000000089e00000, 0x0000000089e00000, 0x0000000089f00000|  0%| F|  |TAMS 0x0000000089e00000, 0x0000000089e00000| Untracked 
| 159|0x0000000089f00000, 0x0000000089f00000, 0x000000008a000000|  0%| F|  |TAMS 0x0000000089f00000, 0x0000000089f00000| Untracked 
| 160|0x000000008a000000, 0x000000008a000000, 0x000000008a100000|  0%| F|  |TAMS 0x000000008a000000, 0x000000008a000000| Untracked 
| 161|0x000000008a100000, 0x000000008a100000, 0x000000008a200000|  0%| F|  |TAMS 0x000000008a100000, 0x000000008a100000| Untracked 
| 162|0x000000008a200000, 0x000000008a200000, 0x000000008a300000|  0%| F|  |TAMS 0x000000008a200000, 0x000000008a200000| Untracked 
| 163|0x000000008a300000, 0x000000008a300000, 0x000000008a400000|  0%| F|  |TAMS 0x000000008a300000, 0x000000008a300000| Untracked 
| 164|0x000000008a400000, 0x000000008a400000, 0x000000008a500000|  0%| F|  |TAMS 0x000000008a400000, 0x000000008a400000| Untracked 
| 165|0x000000008a500000, 0x000000008a500000, 0x000000008a600000|  0%| F|  |TAMS 0x000000008a500000, 0x000000008a500000| Untracked 
| 166|0x000000008a600000, 0x000000008a600000, 0x000000008a700000|  0%| F|  |TAMS 0x000000008a600000, 0x000000008a600000| Untracked 
| 167|0x000000008a700000, 0x000000008a700000, 0x000000008a800000|  0%| F|  |TAMS 0x000000008a700000, 0x000000008a700000| Untracked 
| 168|0x000000008a800000, 0x000000008a800000, 0x000000008a900000|  0%| F|  |TAMS 0x000000008a800000, 0x000000008a800000| Untracked 
| 169|0x000000008a900000, 0x000000008a900000, 0x000000008aa00000|  0%| F|  |TAMS 0x000000008a900000, 0x000000008a900000| Untracked 
| 170|0x000000008aa00000, 0x000000008aa00000, 0x000000008ab00000|  0%| F|  |TAMS 0x000000008aa00000, 0x000000008aa00000| Untracked 
| 171|0x000000008ab00000, 0x000000008ab00000, 0x000000008ac00000|  0%| F|  |TAMS 0x000000008ab00000, 0x000000008ab00000| Untracked 
| 172|0x000000008ac00000, 0x000000008ac80800, 0x000000008ad00000| 50%| E|  |TAMS 0x000000008ac00000, 0x000000008ac00000| Complete 
| 173|0x000000008ad00000, 0x000000008ae00000, 0x000000008ae00000|100%| E|CS|TAMS 0x000000008ad00000, 0x000000008ad00000| Complete 
| 174|0x000000008ae00000, 0x000000008af00000, 0x000000008af00000|100%| E|CS|TAMS 0x000000008ae00000, 0x000000008ae00000| Complete 
| 175|0x000000008af00000, 0x000000008b000000, 0x000000008b000000|100%| E|CS|TAMS 0x000000008af00000, 0x000000008af00000| Complete 
| 176|0x000000008b000000, 0x000000008b100000, 0x000000008b100000|100%| E|CS|TAMS 0x000000008b000000, 0x000000008b000000| Complete 
| 177|0x000000008b100000, 0x000000008b200000, 0x000000008b200000|100%| E|CS|TAMS 0x000000008b100000, 0x000000008b100000| Complete 
| 178|0x000000008b200000, 0x000000008b300000, 0x000000008b300000|100%| E|CS|TAMS 0x000000008b200000, 0x000000008b200000| Complete 
| 179|0x000000008b300000, 0x000000008b400000, 0x000000008b400000|100%| E|CS|TAMS 0x000000008b300000, 0x000000008b300000| Complete 
| 180|0x000000008b400000, 0x000000008b500000, 0x000000008b500000|100%| E|CS|TAMS 0x000000008b400000, 0x000000008b400000| Complete 
| 181|0x000000008b500000, 0x000000008b600000, 0x000000008b600000|100%| E|CS|TAMS 0x000000008b500000, 0x000000008b500000| Complete 
| 182|0x000000008b600000, 0x000000008b700000, 0x000000008b700000|100%| E|CS|TAMS 0x000000008b600000, 0x000000008b600000| Complete 
| 183|0x000000008b700000, 0x000000008b800000, 0x000000008b800000|100%| E|CS|TAMS 0x000000008b700000, 0x000000008b700000| Complete 
| 184|0x000000008b800000, 0x000000008b900000, 0x000000008b900000|100%| E|CS|TAMS 0x000000008b800000, 0x000000008b800000| Complete 
| 185|0x000000008b900000, 0x000000008ba00000, 0x000000008ba00000|100%| E|CS|TAMS 0x000000008b900000, 0x000000008b900000| Complete 
| 186|0x000000008ba00000, 0x000000008bb00000, 0x000000008bb00000|100%| E|CS|TAMS 0x000000008ba00000, 0x000000008ba00000| Complete 
| 187|0x000000008bb00000, 0x000000008bc00000, 0x000000008bc00000|100%| E|CS|TAMS 0x000000008bb00000, 0x000000008bb00000| Complete 
| 188|0x000000008bc00000, 0x000000008bd00000, 0x000000008bd00000|100%| E|CS|TAMS 0x000000008bc00000, 0x000000008bc00000| Complete 
| 189|0x000000008bd00000, 0x000000008be00000, 0x000000008be00000|100%| E|CS|TAMS 0x000000008bd00000, 0x000000008bd00000| Complete 
| 190|0x000000008be00000, 0x000000008bf00000, 0x000000008bf00000|100%| E|CS|TAMS 0x000000008be00000, 0x000000008be00000| Complete 
| 191|0x000000008bf00000, 0x000000008c000000, 0x000000008c000000|100%| E|CS|TAMS 0x000000008bf00000, 0x000000008bf00000| Complete 
| 192|0x000000008c000000, 0x000000008c100000, 0x000000008c100000|100%| E|CS|TAMS 0x000000008c000000, 0x000000008c000000| Complete 
| 193|0x000000008c100000, 0x000000008c200000, 0x000000008c200000|100%| E|CS|TAMS 0x000000008c100000, 0x000000008c100000| Complete 
| 194|0x000000008c200000, 0x000000008c300000, 0x000000008c300000|100%| E|CS|TAMS 0x000000008c200000, 0x000000008c200000| Complete 
| 195|0x000000008c300000, 0x000000008c400000, 0x000000008c400000|100%| E|CS|TAMS 0x000000008c300000, 0x000000008c300000| Complete 
| 196|0x000000008c400000, 0x000000008c500000, 0x000000008c500000|100%| E|CS|TAMS 0x000000008c400000, 0x000000008c400000| Complete 
| 197|0x000000008c500000, 0x000000008c600000, 0x000000008c600000|100%| E|CS|TAMS 0x000000008c500000, 0x000000008c500000| Complete 
| 198|0x000000008c600000, 0x000000008c700000, 0x000000008c700000|100%| E|CS|TAMS 0x000000008c600000, 0x000000008c600000| Complete 
| 199|0x000000008c700000, 0x000000008c800000, 0x000000008c800000|100%| E|CS|TAMS 0x000000008c700000, 0x000000008c700000| Complete 
| 200|0x000000008c800000, 0x000000008c900000, 0x000000008c900000|100%| E|CS|TAMS 0x000000008c800000, 0x000000008c800000| Complete 
| 201|0x000000008c900000, 0x000000008ca00000, 0x000000008ca00000|100%| E|CS|TAMS 0x000000008c900000, 0x000000008c900000| Complete 
| 202|0x000000008ca00000, 0x000000008cb00000, 0x000000008cb00000|100%| E|CS|TAMS 0x000000008ca00000, 0x000000008ca00000| Complete 
| 203|0x000000008cb00000, 0x000000008cc00000, 0x000000008cc00000|100%| E|CS|TAMS 0x000000008cb00000, 0x000000008cb00000| Complete 
| 204|0x000000008cc00000, 0x000000008cd00000, 0x000000008cd00000|100%| E|CS|TAMS 0x000000008cc00000, 0x000000008cc00000| Complete 
| 205|0x000000008cd00000, 0x000000008ce00000, 0x000000008ce00000|100%| E|CS|TAMS 0x000000008cd00000, 0x000000008cd00000| Complete 
| 206|0x000000008ce00000, 0x000000008cf00000, 0x000000008cf00000|100%| E|CS|TAMS 0x000000008ce00000, 0x000000008ce00000| Complete 
| 207|0x000000008cf00000, 0x000000008d000000, 0x000000008d000000|100%| E|CS|TAMS 0x000000008cf00000, 0x000000008cf00000| Complete 
| 208|0x000000008d000000, 0x000000008d100000, 0x000000008d100000|100%| E|CS|TAMS 0x000000008d000000, 0x000000008d000000| Complete 
| 209|0x000000008d100000, 0x000000008d200000, 0x000000008d200000|100%| E|CS|TAMS 0x000000008d100000, 0x000000008d100000| Complete 
| 210|0x000000008d200000, 0x000000008d300000, 0x000000008d300000|100%| S|CS|TAMS 0x000000008d200000, 0x000000008d200000| Complete 
| 211|0x000000008d300000, 0x000000008d400000, 0x000000008d400000|100%| S|CS|TAMS 0x000000008d300000, 0x000000008d300000| Complete 
| 212|0x000000008d400000, 0x000000008d500000, 0x000000008d500000|100%| S|CS|TAMS 0x000000008d400000, 0x000000008d400000| Complete 
| 213|0x000000008d500000, 0x000000008d600000, 0x000000008d600000|100%| S|CS|TAMS 0x000000008d500000, 0x000000008d500000| Complete 
| 214|0x000000008d600000, 0x000000008d700000, 0x000000008d700000|100%| E|CS|TAMS 0x000000008d600000, 0x000000008d600000| Complete 
| 215|0x000000008d700000, 0x000000008d800000, 0x000000008d800000|100%| E|CS|TAMS 0x000000008d700000, 0x000000008d700000| Complete 
| 216|0x000000008d800000, 0x000000008d900000, 0x000000008d900000|100%| E|CS|TAMS 0x000000008d800000, 0x000000008d800000| Complete 
| 217|0x000000008d900000, 0x000000008da00000, 0x000000008da00000|100%| E|CS|TAMS 0x000000008d900000, 0x000000008d900000| Complete 
| 218|0x000000008da00000, 0x000000008db00000, 0x000000008db00000|100%| E|CS|TAMS 0x000000008da00000, 0x000000008da00000| Complete 
| 219|0x000000008db00000, 0x000000008dc00000, 0x000000008dc00000|100%| E|CS|TAMS 0x000000008db00000, 0x000000008db00000| Complete 
| 220|0x000000008dc00000, 0x000000008dd00000, 0x000000008dd00000|100%| E|CS|TAMS 0x000000008dc00000, 0x000000008dc00000| Complete 
| 221|0x000000008dd00000, 0x000000008de00000, 0x000000008de00000|100%| E|CS|TAMS 0x000000008dd00000, 0x000000008dd00000| Complete 
| 222|0x000000008de00000, 0x000000008df00000, 0x000000008df00000|100%| E|CS|TAMS 0x000000008de00000, 0x000000008de00000| Complete 
| 223|0x000000008df00000, 0x000000008e000000, 0x000000008e000000|100%| E|CS|TAMS 0x000000008df00000, 0x000000008df00000| Complete 
| 224|0x000000008e000000, 0x000000008e100000, 0x000000008e100000|100%| E|CS|TAMS 0x000000008e000000, 0x000000008e000000| Complete 
| 225|0x000000008e100000, 0x000000008e200000, 0x000000008e200000|100%| E|CS|TAMS 0x000000008e100000, 0x000000008e100000| Complete 
| 226|0x000000008e200000, 0x000000008e300000, 0x000000008e300000|100%| E|CS|TAMS 0x000000008e200000, 0x000000008e200000| Complete 
| 227|0x000000008e300000, 0x000000008e400000, 0x000000008e400000|100%| E|CS|TAMS 0x000000008e300000, 0x000000008e300000| Complete 
| 228|0x000000008e400000, 0x000000008e500000, 0x000000008e500000|100%| E|CS|TAMS 0x000000008e400000, 0x000000008e400000| Complete 
| 229|0x000000008e500000, 0x000000008e600000, 0x000000008e600000|100%| E|CS|TAMS 0x000000008e500000, 0x000000008e500000| Complete 
| 230|0x000000008e600000, 0x000000008e700000, 0x000000008e700000|100%| E|CS|TAMS 0x000000008e600000, 0x000000008e600000| Complete 
| 231|0x000000008e700000, 0x000000008e800000, 0x000000008e800000|100%| E|CS|TAMS 0x000000008e700000, 0x000000008e700000| Complete 
| 232|0x000000008e800000, 0x000000008e900000, 0x000000008e900000|100%| E|CS|TAMS 0x000000008e800000, 0x000000008e800000| Complete 
| 233|0x000000008e900000, 0x000000008ea00000, 0x000000008ea00000|100%| E|CS|TAMS 0x000000008e900000, 0x000000008e900000| Complete 
| 234|0x000000008ea00000, 0x000000008eb00000, 0x000000008eb00000|100%| E|CS|TAMS 0x000000008ea00000, 0x000000008ea00000| Complete 
| 235|0x000000008eb00000, 0x000000008ec00000, 0x000000008ec00000|100%| E|CS|TAMS 0x000000008eb00000, 0x000000008eb00000| Complete 
| 236|0x000000008ec00000, 0x000000008ed00000, 0x000000008ed00000|100%| E|CS|TAMS 0x000000008ec00000, 0x000000008ec00000| Complete 
| 237|0x000000008ed00000, 0x000000008ee00000, 0x000000008ee00000|100%| E|CS|TAMS 0x000000008ed00000, 0x000000008ed00000| Complete 
| 238|0x000000008ee00000, 0x000000008ef00000, 0x000000008ef00000|100%| E|CS|TAMS 0x000000008ee00000, 0x000000008ee00000| Complete 
| 239|0x000000008ef00000, 0x000000008f000000, 0x000000008f000000|100%| E|CS|TAMS 0x000000008ef00000, 0x000000008ef00000| Complete 
| 240|0x000000008f000000, 0x000000008f100000, 0x000000008f100000|100%| E|CS|TAMS 0x000000008f000000, 0x000000008f000000| Complete 
| 241|0x000000008f100000, 0x000000008f200000, 0x000000008f200000|100%| E|CS|TAMS 0x000000008f100000, 0x000000008f100000| Complete 
| 242|0x000000008f200000, 0x000000008f300000, 0x000000008f300000|100%| E|CS|TAMS 0x000000008f200000, 0x000000008f200000| Complete 
| 243|0x000000008f300000, 0x000000008f400000, 0x000000008f400000|100%| E|CS|TAMS 0x000000008f300000, 0x000000008f300000| Complete 
| 244|0x000000008f400000, 0x000000008f500000, 0x000000008f500000|100%| E|CS|TAMS 0x000000008f400000, 0x000000008f400000| Complete 
| 245|0x000000008f500000, 0x000000008f600000, 0x000000008f600000|100%| E|CS|TAMS 0x000000008f500000, 0x000000008f500000| Complete 

Card table byte_map: [0x00000200de920000,0x00000200ded20000] _byte_map_base: 0x00000200de520000

Marking Bits (Prev, Next): (CMBitMap*) 0x00000200c6dac3a0, (CMBitMap*) 0x00000200c6dac3e0
 Prev Bits: [0x00000200df120000, 0x00000200e1120000)
 Next Bits: [0x00000200e1120000, 0x00000200e3120000)

Polling page: 0x00000200c4d40000

Metaspace:

Usage:
  Non-class:     15.44 MB used.
      Class:      2.53 MB used.
       Both:     17.96 MB used.

Virtual space:
  Non-class space:       64.00 MB reserved,      15.75 MB ( 25%) committed,  1 nodes.
      Class space:        1.00 GB reserved,       2.81 MB ( <1%) committed,  1 nodes.
             Both:        1.06 GB reserved,      18.56 MB (  2%) committed. 

Chunk freelists:
   Non-Class:  3.86 MB
       Class:  1.24 MB
        Both:  5.09 MB

MaxMetaspaceSize: unlimited
CompressedClassSpaceSize: 1.00 GB
Initial GC threshold: 21.00 MB
Current GC threshold: 21.00 MB
CDS: on
MetaspaceReclaimPolicy: balanced
 - commit_granule_bytes: 65536.
 - commit_granule_words: 8192.
 - virtual_space_node_default_size: 8388608.
 - enlarge_chunks_in_place: 1.
 - new_chunks_are_fully_committed: 0.
 - uncommit_free_chunks: 1.
 - use_allocation_guard: 0.


Internal statistics:

num_allocs_failed_limit: 0.
num_arena_births: 780.
num_arena_deaths: 0.
num_vsnodes_births: 2.
num_vsnodes_deaths: 0.
num_space_committed: 297.
num_space_uncommitted: 0.
num_chunks_returned_to_freelist: 0.
num_chunks_taken_from_freelist: 1480.
num_chunk_merges: 0.
num_chunk_splits: 960.
num_chunks_enlarged: 619.
num_inconsistent_stats: 0.

CodeHeap 'non-profiled nmethods': size=119168Kb used=1295Kb max_used=1295Kb free=117872Kb
 bounds [0x00000200d6840000, 0x00000200d6ab0000, 0x00000200ddca0000]
CodeHeap 'profiled nmethods': size=119104Kb used=6053Kb max_used=6053Kb free=113050Kb
 bounds [0x00000200ceca0000, 0x00000200cf290000, 0x00000200d60f0000]
CodeHeap 'non-nmethods': size=7488Kb used=3016Kb max_used=3054Kb free=4471Kb
 bounds [0x00000200d60f0000, 0x00000200d63f0000, 0x00000200d6840000]
 total_blobs=3453 nmethods=2894 adapters=466
 compilation: enabled
              stopped_count=0, restarted_count=0
 full_count=0

Compilation events (20 events):
Event: 2.086 Thread 0x00000200eb032110 2884       3       org.objectweb.asm.Frame::getAbstractTypeFromDescriptor (415 bytes)
Event: 2.087 Thread 0x00000200e630ace0 2886       3       org.objectweb.asm.Handler::getExceptionTableLength (21 bytes)
Event: 2.087 Thread 0x00000200e62723f0 2887       3       org.objectweb.asm.ByteVector::putInt (74 bytes)
Event: 2.087 Thread 0x00000200e630ace0 nmethod 2886 0x00000200cf27ec10 code [0x00000200cf27edc0, 0x00000200cf27ef58]
Event: 2.087 Thread 0x00000200e62723f0 nmethod 2887 0x00000200cf281890 code [0x00000200cf281a40, 0x00000200cf281ca8]
Event: 2.088 Thread 0x00000200eb032110 nmethod 2884 0x00000200cf27f090 code [0x00000200cf27f440, 0x00000200cf280fd8]
Event: 2.095 Thread 0x00000200eb032110 2888       3       sun.reflect.generics.repository.AbstractRepository::getReifier (8 bytes)
Event: 2.095 Thread 0x00000200eb032110 nmethod 2888 0x00000200cf281e10 code [0x00000200cf281fc0, 0x00000200cf2822b8]
Event: 2.097 Thread 0x00000200eb032110 2889       3       java.util.LinkedHashMap::<init> (11 bytes)
Event: 2.097 Thread 0x00000200eaac2ee0 2890       3       java.io.ByteArrayOutputStream::<init> (43 bytes)
Event: 2.098 Thread 0x00000200eb032110 nmethod 2889 0x00000200cf282410 code [0x00000200cf2825e0, 0x00000200cf282788]
Event: 2.098 Thread 0x00000200eaac2ee0 nmethod 2890 0x00000200cf282890 code [0x00000200cf282ac0, 0x00000200cf283248]
Event: 2.099 Thread 0x00000200ea9795f0 nmethod 2743 0x00000200d6976b10 code [0x00000200d69771c0, 0x00000200d697d108]
Event: 2.099 Thread 0x00000200ea9795f0 2792       4       java.util.concurrent.locks.AbstractQueuedSynchronizer::compareAndSetState (13 bytes)
Event: 2.100 Thread 0x00000200ea9795f0 nmethod 2792 0x00000200d6980010 code [0x00000200d6980180, 0x00000200d6980218]
Event: 2.100 Thread 0x00000200ea9795f0 2804       4       java.util.HashMap$HashIterator::nextNode (100 bytes)
Event: 2.103 Thread 0x00000200eaac2ee0 2891       3       jdk.internal.reflect.Reflection::filter (165 bytes)
Event: 2.103 Thread 0x00000200eaac2ee0 nmethod 2891 0x00000200cf283510 code [0x00000200cf2837a0, 0x00000200cf2845d8]
Event: 2.104 Thread 0x00000200ea9795f0 nmethod 2804 0x00000200d6980310 code [0x00000200d69804a0, 0x00000200d6980878]
Event: 2.104 Thread 0x00000200ea9795f0 2807       4       jdk.internal.org.objectweb.asm.Type::getArgumentsAndReturnSizes (140 bytes)

GC Heap History (4 events):
Event: 0.445 GC heap before
{Heap before GC invocations=0 (full 0):
 garbage-first heap   total 251904K, used 26624K [0x0000000080000000, 0x0000000100000000)
  region size 1024K, 23 young (23552K), 0 survivors (0K)
 Metaspace       used 3130K, committed 3328K, reserved 1114112K
  class space    used 375K, committed 448K, reserved 1048576K
}
Event: 0.449 GC heap after
{Heap after GC invocations=1 (full 0):
 garbage-first heap   total 251904K, used 10302K [0x0000000080000000, 0x0000000100000000)
  region size 1024K, 3 young (3072K), 3 survivors (3072K)
 Metaspace       used 3130K, committed 3328K, reserved 1114112K
  class space    used 375K, committed 448K, reserved 1048576K
}
Event: 0.665 GC heap before
{Heap before GC invocations=1 (full 0):
 garbage-first heap   total 251904K, used 39998K [0x0000000080000000, 0x0000000100000000)
  region size 1024K, 32 young (32768K), 3 survivors (3072K)
 Metaspace       used 4059K, committed 4224K, reserved 1114112K
  class space    used 469K, committed 576K, reserved 1048576K
}
Event: 0.668 GC heap after
{Heap after GC invocations=2 (full 0):
 garbage-first heap   total 251904K, used 14522K [0x0000000080000000, 0x0000000100000000)
  region size 1024K, 4 young (4096K), 4 survivors (4096K)
 Metaspace       used 4059K, committed 4224K, reserved 1114112K
  class space    used 469K, committed 576K, reserved 1048576K
}

Dll operation events (13 events):
Event: 0.006 Loaded shared library C:\Users\archi\.jdks\openjdk-19.0.2\bin\java.dll
Event: 0.014 Loaded shared library C:\Users\archi\.jdks\openjdk-19.0.2\bin\jsvml.dll
Event: 0.054 Loaded shared library C:\Users\archi\.jdks\openjdk-19.0.2\bin\net.dll
Event: 0.056 Loaded shared library C:\Users\archi\.jdks\openjdk-19.0.2\bin\nio.dll
Event: 0.059 Loaded shared library C:\Users\archi\.jdks\openjdk-19.0.2\bin\zip.dll
Event: 0.166 Loaded shared library C:\Users\archi\.jdks\openjdk-19.0.2\bin\jimage.dll
Event: 0.215 Loaded shared library C:\Users\archi\.jdks\openjdk-19.0.2\bin\verify.dll
Event: 0.337 Loaded shared library C:\Users\archi\.gradle\native\68d5fa5c4cc2d200863cafc0d521ce42e7d3e7ee720ec0a83991735586a16f82\windows-amd64\native-platform.dll
Event: 0.341 Loaded shared library C:\Users\archi\.gradle\native\e376f236ea51e6404a007f0833ffe2c6e607c4080706a723a18a27aeea778392\windows-amd64\native-platform-file-events.dll
Event: 0.851 Loaded shared library C:\Users\archi\.jdks\openjdk-19.0.2\bin\management.dll
Event: 0.852 Loaded shared library C:\Users\archi\.jdks\openjdk-19.0.2\bin\management_ext.dll
Event: 1.040 Loaded shared library C:\Users\archi\.jdks\openjdk-19.0.2\bin\extnet.dll
Event: 1.270 Loaded shared library C:\Users\archi\.jdks\openjdk-19.0.2\bin\sunmscapi.dll

Deoptimization events (20 events):
Event: 1.719 Thread 0x00000200ec4627e0 DEOPT PACKING pc=0x00000200d695c6c8 sp=0x000000a4edffce70
Event: 1.719 Thread 0x00000200ec4627e0 DEOPT UNPACKING pc=0x00000200d6156da3 sp=0x000000a4edffce18 mode 2
Event: 2.019 Thread 0x00000200ec4627e0 DEOPT PACKING pc=0x00000200cf24dd0a sp=0x000000a4edffab30
Event: 2.019 Thread 0x00000200ec4627e0 DEOPT UNPACKING pc=0x00000200d6157543 sp=0x000000a4edffa040 mode 0
Event: 2.021 Thread 0x00000200ec4627e0 DEOPT PACKING pc=0x00000200cf24dd0a sp=0x000000a4edffc4c0
Event: 2.021 Thread 0x00000200ec4627e0 DEOPT UNPACKING pc=0x00000200d6157543 sp=0x000000a4edffb9d0 mode 0
Event: 2.031 Thread 0x00000200ec4627e0 DEOPT PACKING pc=0x00000200cf24dce9 sp=0x000000a4edff81d0
Event: 2.031 Thread 0x00000200ec4627e0 DEOPT UNPACKING pc=0x00000200d6157543 sp=0x000000a4edff76e0 mode 0
Event: 2.073 Thread 0x00000200ec4627e0 Uncommon trap: trap_request=0xffffff45 fr.pc=0x00000200d696d738 relative=0x0000000000000118
Event: 2.073 Thread 0x00000200ec4627e0 Uncommon trap: reason=unstable_if action=reinterpret pc=0x00000200d696d738 method=java.util.Arrays.equals([Ljava/lang/Object;[Ljava/lang/Object;)Z @ 44 c2
Event: 2.073 Thread 0x00000200ec4627e0 DEOPT PACKING pc=0x00000200d696d738 sp=0x000000a4edffbbd0
Event: 2.073 Thread 0x00000200ec4627e0 DEOPT UNPACKING pc=0x00000200d6156da3 sp=0x000000a4edffbb70 mode 2
Event: 2.073 Thread 0x00000200ec4627e0 Uncommon trap: trap_request=0xffffff45 fr.pc=0x00000200d6946e60 relative=0x00000000000001c0
Event: 2.073 Thread 0x00000200ec4627e0 Uncommon trap: reason=unstable_if action=reinterpret pc=0x00000200d6946e60 method=java.util.HashMap.getNode(Ljava/lang/Object;)Ljava/util/HashMap$Node; @ 131 c2
Event: 2.073 Thread 0x00000200ec4627e0 DEOPT PACKING pc=0x00000200d6946e60 sp=0x000000a4edffbca0
Event: 2.073 Thread 0x00000200ec4627e0 DEOPT UNPACKING pc=0x00000200d6156da3 sp=0x000000a4edffbbb0 mode 2
Event: 2.073 Thread 0x00000200ec4627e0 Uncommon trap: trap_request=0xffffff45 fr.pc=0x00000200d696ad30 relative=0x0000000000000210
Event: 2.073 Thread 0x00000200ec4627e0 Uncommon trap: reason=unstable_if action=reinterpret pc=0x00000200d696ad30 method=java.util.HashMap.getNode(Ljava/lang/Object;)Ljava/util/HashMap$Node; @ 131 c2
Event: 2.073 Thread 0x00000200ec4627e0 DEOPT PACKING pc=0x00000200d696ad30 sp=0x000000a4edffbc30
Event: 2.073 Thread 0x00000200ec4627e0 DEOPT UNPACKING pc=0x00000200d6156da3 sp=0x000000a4edffbbb0 mode 2

Classes loaded (20 events):
Event: 1.881 Loading class java/util/stream/ReduceOps$1
Event: 1.881 Loading class java/util/stream/ReduceOps$1 done
Event: 1.881 Loading class java/util/stream/ReduceOps$1ReducingSink
Event: 1.882 Loading class java/util/stream/ReduceOps$1ReducingSink done
Event: 1.895 Loading class java/lang/management/MemoryType
Event: 1.895 Loading class java/lang/management/MemoryType done
Event: 1.895 Loading class java/lang/management/MemoryUsage
Event: 1.896 Loading class java/lang/management/MemoryUsage done
Event: 1.896 Loading class java/util/concurrent/LinkedBlockingDeque$Node
Event: 1.896 Loading class java/util/concurrent/LinkedBlockingDeque$Node done
Event: 2.023 Loading class javax/xml/parsers/ParserConfigurationException
Event: 2.023 Loading class javax/xml/parsers/ParserConfigurationException done
Event: 2.023 Loading class org/xml/sax/SAXException
Event: 2.024 Loading class org/xml/sax/SAXException done
Event: 2.024 Loading class javax/xml/xpath/XPathExpressionException
Event: 2.024 Loading class javax/xml/xpath/XPathException
Event: 2.024 Loading class javax/xml/xpath/XPathException done
Event: 2.024 Loading class javax/xml/xpath/XPathExpressionException done
Event: 2.024 Loading class org/xml/sax/ErrorHandler
Event: 2.024 Loading class org/xml/sax/ErrorHandler done

Classes unloaded (0 events):
No events

Classes redefined (0 events):
No events

Internal exceptions (20 events):
Event: 1.717 Thread 0x00000200ec4627e0 Exception <a 'java/lang/NoSuchMethodError'{0x000000008c492e48}: 'java.lang.Object java.lang.invoke.DirectMethodHandle$Holder.invokeStatic(java.lang.Object, java.lang.Object, java.lang.Object, java.lang.Object, java.lang.Object, java.lang.Object, java.lang.Object, java.lang.Object, java.lang.Object, java.lang.Object, java.lang.Object, java.lang.Object, java.lang.Object, java.lang.Object, java.lang.Object, java.lang.Object, java.lang.Object, java.lang.Object)'> (0x000000008c492e48) 
thrown [s\open\src\hotspo
Event: 1.718 Thread 0x00000200ec4627e0 Exception <a 'java/lang/NoSuchMethodError'{0x000000008c4bb5d8}: 'java.lang.Object java.lang.invoke.DirectMethodHandle$Holder.invokeStatic(java.lang.Object, java.lang.Object, java.lang.Object, java.lang.Object, java.lang.Object, java.lang.Object, java.lang.Object, java.lang.Object, java.lang.Object, java.lang.Object, java.lang.Object, java.lang.Object, java.lang.Object, java.lang.Object, java.lang.Object, java.lang.Object, java.lang.Object, java.lang.Object, java.lang.Object)'> (0x000000008c4bb5d8) 
thrown 
Event: 1.720 Thread 0x00000200ec4627e0 Exception <a 'java/lang/NoSuchMethodError'{0x000000008c4e50b0}: 'java.lang.Object java.lang.invoke.DirectMethodHandle$Holder.invokeStatic(java.lang.Object, java.lang.Object, java.lang.Object, java.lang.Object, java.lang.Object, java.lang.Object, java.lang.Object, java.lang.Object, java.lang.Object, java.lang.Object, java.lang.Object, java.lang.Object, java.lang.Object, java.lang.Object, java.lang.Object, java.lang.Object, java.lang.Object, java.lang.Object, java.lang.Object, java.lang.Object)'> (0x00000000
Event: 1.721 Thread 0x00000200ec4627e0 Exception <a 'java/lang/NoSuchMethodError'{0x000000008c310070}: 'java.lang.Object java.lang.invoke.DirectMethodHandle$Holder.invokeStatic(java.lang.Object, java.lang.Object, java.lang.Object, java.lang.Object, java.lang.Object, java.lang.Object, java.lang.Object, java.lang.Object, java.lang.Object, java.lang.Object, java.lang.Object, java.lang.Object, java.lang.Object, java.lang.Object, java.lang.Object, java.lang.Object, java.lang.Object, java.lang.Object, java.lang.Object, java.lang.Object, java.lang.Obj
Event: 1.722 Thread 0x00000200ec4627e0 Exception <a 'java/lang/NoSuchMethodError'{0x000000008c33b600}: 'java.lang.Object java.lang.invoke.DirectMethodHandle$Holder.invokeStatic(java.lang.Object, java.lang.Object, java.lang.Object, java.lang.Object, java.lang.Object, java.lang.Object, java.lang.Object, java.lang.Object, java.lang.Object, java.lang.Object, java.lang.Object, java.lang.Object, java.lang.Object, java.lang.Object, java.lang.Object, java.lang.Object, java.lang.Object, java.lang.Object, java.lang.Object, java.lang.Object, java.lang.Obj
Event: 1.724 Thread 0x00000200ec4627e0 Exception <a 'java/lang/NoSuchMethodError'{0x000000008c367998}: 'java.lang.Object java.lang.invoke.DirectMethodHandle$Holder.invokeStatic(java.lang.Object, java.lang.Object, java.lang.Object, java.lang.Object, java.lang.Object, java.lang.Object, java.lang.Object, java.lang.Object, java.lang.Object, java.lang.Object, java.lang.Object, java.lang.Object, java.lang.Object, java.lang.Object, java.lang.Object, java.lang.Object, java.lang.Object, java.lang.Object, java.lang.Object, java.lang.Object, java.lang.Obj
Event: 1.725 Thread 0x00000200ec4627e0 Exception <a 'java/lang/NoSuchMethodError'{0x000000008c394928}: 'java.lang.Object java.lang.invoke.DirectMethodHandle$Holder.invokeStatic(java.lang.Object, java.lang.Object, java.lang.Object, java.lang.Object, java.lang.Object, java.lang.Object, java.lang.Object, java.lang.Object, java.lang.Object, java.lang.Object, java.lang.Object, java.lang.Object, java.lang.Object, java.lang.Object, java.lang.Object, java.lang.Object, java.lang.Object, java.lang.Object, java.lang.Object, java.lang.Object, java.lang.Obj
Event: 1.726 Thread 0x00000200ec4627e0 Exception <a 'java/lang/NoSuchMethodError'{0x000000008c3c3220}: 'java.lang.Object java.lang.invoke.DirectMethodHandle$Holder.invokeStatic(java.lang.Object, java.lang.Object, java.lang.Object, java.lang.Object, java.lang.Object, java.lang.Object, java.lang.Object, java.lang.Object, java.lang.Object, java.lang.Object, java.lang.Object, java.lang.Object, java.lang.Object, java.lang.Object, java.lang.Object, java.lang.Object, java.lang.Object, java.lang.Object, java.lang.Object, java.lang.Object, java.lang.Obj
Event: 1.831 Thread 0x00000200ec4627e0 Exception <a 'java/lang/IncompatibleClassChangeError'{0x000000008bd38028}: Found class java.lang.Object, but interface was expected> (0x000000008bd38028) 
thrown [s\open\src\hotspot\share\interpreter\linkResolver.cpp, line 841]
Event: 1.879 Thread 0x00000200ec4627e0 Exception <a 'java/lang/NoSuchMethodError'{0x000000008bb8b9b0}: 'int java.lang.invoke.DirectMethodHandle$Holder.invokeSpecialIFC(java.lang.Object, java.lang.Object, java.lang.Object, java.lang.Object)'> (0x000000008bb8b9b0) 
thrown [s\open\src\hotspot\share\interpreter\linkResolver.cpp, line 774]
Event: 1.881 Thread 0x00000200ec4627e0 Exception <a 'java/lang/NoSuchMethodError'{0x000000008bb9aca0}: 'java.lang.Object java.lang.invoke.DirectMethodHandle$Holder.invokeInterface(java.lang.Object, java.lang.Object, java.lang.Object)'> (0x000000008bb9aca0) 
thrown [s\open\src\hotspot\share\interpreter\linkResolver.cpp, line 774]
Event: 1.881 Thread 0x00000200ec4627e0 Exception <a 'java/lang/IncompatibleClassChangeError'{0x000000008bb9e8d0}: Found class java.lang.Object, but interface was expected> (0x000000008bb9e8d0) 
thrown [s\open\src\hotspot\share\interpreter\linkResolver.cpp, line 841]
Event: 1.883 Thread 0x00000200ec4627e0 Exception <a 'java/lang/NoSuchMethodError'{0x000000008bbb0470}: 'java.lang.Object java.lang.invoke.DirectMethodHandle$Holder.newInvokeSpecial(java.lang.Object, java.lang.Object, java.lang.Object, java.lang.Object, java.lang.Object, java.lang.Object, java.lang.Object, java.lang.Object, java.lang.Object, java.lang.Object)'> (0x000000008bbb0470) 
thrown [s\open\src\hotspot\share\interpreter\linkResolver.cpp, line 774]
Event: 1.902 Thread 0x00000200ec4627e0 Exception <a 'java/lang/NoSuchMethodError'{0x000000008babc1f0}: 'java.lang.Object java.lang.invoke.DirectMethodHandle$Holder.invokeVirtual(java.lang.Object, java.lang.Object, java.lang.Object, java.lang.Object, java.lang.Object, java.lang.Object, java.lang.Object, java.lang.Object, java.lang.Object, java.lang.Object, java.lang.Object, java.lang.Object, java.lang.Object, java.lang.Object, java.lang.Object, java.lang.Object, java.lang.Object, java.lang.Object, java.lang.Object, java.lang.Object, java.lang.Ob
Event: 1.902 Thread 0x00000200ec4627e0 Exception <a 'java/lang/NoSuchMethodError'{0x000000008bac2160}: 'java.lang.Object java.lang.invoke.DirectMethodHandle$Holder.invokeSpecial(java.lang.Object, java.lang.Object, java.lang.Object, java.lang.Object, java.lang.Object, java.lang.Object, java.lang.Object, java.lang.Object, java.lang.Object, java.lang.Object, java.lang.Object, java.lang.Object, java.lang.Object, java.lang.Object, java.lang.Object, java.lang.Object, java.lang.Object, java.lang.Object, java.lang.Object, java.lang.Object, java.lang.Ob
Event: 1.902 Thread 0x00000200ec4627e0 Exception <a 'java/lang/NoSuchMethodError'{0x000000008bac7820}: 'java.lang.Object java.lang.invoke.DelegatingMethodHandle$Holder.reinvoke_L(java.lang.Object, java.lang.Object, java.lang.Object, java.lang.Object, java.lang.Object, java.lang.Object, java.lang.Object, java.lang.Object, java.lang.Object, java.lang.Object, java.lang.Object, java.lang.Object, java.lang.Object, java.lang.Object, java.lang.Object, java.lang.Object, java.lang.Object, java.lang.Object, java.lang.Object, java.lang.Object, java.lang.O
Event: 1.910 Thread 0x00000200ec4627e0 Exception <a 'java/lang/NoSuchMethodError'{0x000000008b9776d0}: 'int java.lang.invoke.DirectMethodHandle$Holder.invokeStatic(java.lang.Object, java.lang.Object, java.lang.Object, java.lang.Object)'> (0x000000008b9776d0) 
thrown [s\open\src\hotspot\share\interpreter\linkResolver.cpp, line 774]
Event: 1.963 Thread 0x00000200ec4627e0 Exception <a 'java/lang/NoSuchMethodError'{0x000000008b644c90}: 'java.lang.Object java.lang.invoke.DirectMethodHandle$Holder.invokeSpecial(java.lang.Object, java.lang.Object, java.lang.Object, java.lang.Object, java.lang.Object, java.lang.Object, java.lang.Object, java.lang.Object, java.lang.Object, java.lang.Object, java.lang.Object, java.lang.Object, java.lang.Object, java.lang.Object, java.lang.Object, java.lang.Object, java.lang.Object, java.lang.Object, java.lang.Object, java.lang.Object, java.lang.Ob
Event: 2.044 Thread 0x00000200ec4627e0 Exception <a 'java/lang/NoSuchMethodError'{0x000000008b2bceb0}: 'void java.lang.invoke.DirectMethodHandle$Holder.invokeStatic(java.lang.Object, java.lang.Object)'> (0x000000008b2bceb0) 
thrown [s\open\src\hotspot\share\interpreter\linkResolver.cpp, line 774]
Event: 2.080 Thread 0x00000200ec4627e0 Exception <a 'java/lang/NoSuchMethodError'{0x000000008b08e1d0}: 'java.lang.Object java.lang.invoke.DirectMethodHandle$Holder.newInvokeSpecial(java.lang.Object, java.lang.Object, java.lang.Object, java.lang.Object, java.lang.Object, java.lang.Object, java.lang.Object)'> (0x000000008b08e1d0) 
thrown [s\open\src\hotspot\share\interpreter\linkResolver.cpp, line 774]

VM Operations (20 events):
Event: 0.951 Executing VM operation: HandshakeAllThreads
Event: 0.951 Executing VM operation: HandshakeAllThreads done
Event: 0.966 Executing VM operation: HandshakeAllThreads
Event: 0.966 Executing VM operation: HandshakeAllThreads done
Event: 1.024 Executing VM operation: HandshakeAllThreads
Event: 1.024 Executing VM operation: HandshakeAllThreads done
Event: 1.199 Executing VM operation: HandshakeAllThreads
Event: 1.199 Executing VM operation: HandshakeAllThreads done
Event: 1.226 Executing VM operation: ICBufferFull
Event: 1.226 Executing VM operation: ICBufferFull done
Event: 1.276 Executing VM operation: HandshakeAllThreads
Event: 1.276 Executing VM operation: HandshakeAllThreads done
Event: 1.610 Executing VM operation: HandshakeAllThreads
Event: 1.610 Executing VM operation: HandshakeAllThreads done
Event: 1.697 Executing VM operation: ICBufferFull
Event: 1.697 Executing VM operation: ICBufferFull done
Event: 1.730 Executing VM operation: HandshakeAllThreads
Event: 1.730 Executing VM operation: HandshakeAllThreads done
Event: 1.731 Executing VM operation: HandshakeAllThreads
Event: 1.731 Executing VM operation: HandshakeAllThreads done

Events (20 events):
Event: 0.182 Thread 0x00000200ea9795f0 Thread added: 0x00000200ea9795f0
Event: 0.182 Thread 0x00000200e64585b0 Thread added: 0x00000200e64585b0
Event: 0.182 Thread 0x00000200eac1bfd0 Thread added: 0x00000200eac1bfd0
Event: 0.290 Thread 0x00000200eb032110 Thread added: 0x00000200eb032110
Event: 0.386 Thread 0x00000200eaac2ee0 Thread added: 0x00000200eaac2ee0
Event: 0.887 Thread 0x00000200e619e580 Thread added: 0x00000200e619e580
Event: 1.167 Thread 0x00000200e61a1aa0 Thread added: 0x00000200e61a1aa0
Event: 1.189 Thread 0x00000200eac1bfd0 Thread exited: 0x00000200eac1bfd0
Event: 1.234 Thread 0x00000200e619f570 Thread added: 0x00000200e619f570
Event: 1.271 Thread 0x00000200e64585b0 Thread exited: 0x00000200e64585b0
Event: 1.297 Thread 0x00000200e619f020 Thread added: 0x00000200e619f020
Event: 1.298 Thread 0x00000200e61a0010 Thread added: 0x00000200e61a0010
Event: 1.340 Thread 0x00000200e61a0560 Thread added: 0x00000200e61a0560
Event: 1.344 Thread 0x00000200ec4627e0 Thread added: 0x00000200ec4627e0
Event: 1.351 Thread 0x00000200ec4617f0 Thread added: 0x00000200ec4617f0
Event: 1.354 Thread 0x00000200ec4647c0 Thread added: 0x00000200ec4647c0
Event: 1.358 Thread 0x00000200ec467240 Thread added: 0x00000200ec467240
Event: 1.610 Thread 0x00000200ec465d00 Thread added: 0x00000200ec465d00
Event: 1.621 Thread 0x00000200ec466250 Thread added: 0x00000200ec466250
Event: 1.853 Thread 0x00000200ec464d10 Thread added: 0x00000200ec464d10


Dynamic libraries:
0x00007ff739100000 - 0x00007ff73910e000 	C:\Users\archi\.jdks\openjdk-19.0.2\bin\java.exe
0x00007ffd6aeb0000 - 0x00007ffd6b0c4000 	C:\WINDOWS\SYSTEM32\ntdll.dll
0x00007ffd6a190000 - 0x00007ffd6a252000 	C:\WINDOWS\System32\KERNEL32.DLL
0x00007ffd68680000 - 0x00007ffd68a23000 	C:\WINDOWS\System32\KERNELBASE.dll
0x00007ffd68560000 - 0x00007ffd68671000 	C:\WINDOWS\System32\ucrtbase.dll
0x00007ffd636d0000 - 0x00007ffd636e7000 	C:\Users\archi\.jdks\openjdk-19.0.2\bin\jli.dll
0x00007ffd61680000 - 0x00007ffd6169b000 	C:\Users\archi\.jdks\openjdk-19.0.2\bin\VCRUNTIME140.dll
0x00007ffd6aaf0000 - 0x00007ffd6ac9b000 	C:\WINDOWS\System32\USER32.dll
0x00007ffd57420000 - 0x00007ffd576ae000 	C:\WINDOWS\WinSxS\amd64_microsoft.windows.common-controls_6595b64144ccf1df_6.0.22621.1635_none_270f70857386168e\COMCTL32.dll
0x00007ffd684b0000 - 0x00007ffd684d6000 	C:\WINDOWS\System32\win32u.dll
0x00007ffd6aac0000 - 0x00007ffd6aae9000 	C:\WINDOWS\System32\GDI32.dll
0x00007ffd6a4b0000 - 0x00007ffd6a557000 	C:\WINDOWS\System32\msvcrt.dll
0x00007ffd68390000 - 0x00007ffd684a8000 	C:\WINDOWS\System32\gdi32full.dll
0x00007ffd68c10000 - 0x00007ffd68caa000 	C:\WINDOWS\System32\msvcp_win.dll
0x00007ffd6a400000 - 0x00007ffd6a431000 	C:\WINDOWS\System32\IMM32.DLL
0x00007ffd637b0000 - 0x00007ffd637bc000 	C:\Users\archi\.jdks\openjdk-19.0.2\bin\vcruntime140_1.dll
0x00007ffd53fe0000 - 0x00007ffd5406e000 	C:\Users\archi\.jdks\openjdk-19.0.2\bin\msvcp140.dll
0x00007ffd20e90000 - 0x00007ffd21b50000 	C:\Users\archi\.jdks\openjdk-19.0.2\bin\server\jvm.dll
0x00007ffd69e50000 - 0x00007ffd69efe000 	C:\WINDOWS\System32\ADVAPI32.dll
0x00007ffd6aca0000 - 0x00007ffd6ad44000 	C:\WINDOWS\System32\sechost.dll
0x00007ffd6a010000 - 0x00007ffd6a127000 	C:\WINDOWS\System32\RPCRT4.dll
0x00007ffd50610000 - 0x00007ffd50619000 	C:\WINDOWS\SYSTEM32\WSOCK32.dll
0x00007ffd60860000 - 0x00007ffd60894000 	C:\WINDOWS\SYSTEM32\WINMM.dll
0x00007ffd60440000 - 0x00007ffd6044a000 	C:\WINDOWS\SYSTEM32\VERSION.dll
0x00007ffd6a9e0000 - 0x00007ffd6aa51000 	C:\WINDOWS\System32\WS2_32.dll
0x00007ffd67320000 - 0x00007ffd67338000 	C:\WINDOWS\SYSTEM32\kernel.appcore.dll
0x00007ffd636c0000 - 0x00007ffd636ca000 	C:\Users\archi\.jdks\openjdk-19.0.2\bin\jimage.dll
0x00007ffd5c580000 - 0x00007ffd5c7ae000 	C:\WINDOWS\SYSTEM32\DBGHELP.DLL
0x00007ffd69aa0000 - 0x00007ffd69e29000 	C:\WINDOWS\System32\combase.dll
0x00007ffd694d0000 - 0x00007ffd695a7000 	C:\WINDOWS\System32\OLEAUT32.dll
0x00007ffd5f220000 - 0x00007ffd5f252000 	C:\WINDOWS\SYSTEM32\dbgcore.DLL
0x00007ffd684e0000 - 0x00007ffd6855b000 	C:\WINDOWS\System32\bcryptPrimitives.dll
0x00007ffd59600000 - 0x00007ffd59626000 	C:\Users\archi\.jdks\openjdk-19.0.2\bin\java.dll
0x00007ffd3a1a0000 - 0x00007ffd3a277000 	C:\Users\archi\.jdks\openjdk-19.0.2\bin\jsvml.dll
0x00007ffd68cb0000 - 0x00007ffd694aa000 	C:\WINDOWS\System32\SHELL32.dll
0x00007ffd662d0000 - 0x00007ffd66b9e000 	C:\WINDOWS\SYSTEM32\windows.storage.dll
0x00007ffd66190000 - 0x00007ffd662ce000 	C:\WINDOWS\SYSTEM32\wintypes.dll
0x00007ffd698a0000 - 0x00007ffd69991000 	C:\WINDOWS\System32\SHCORE.dll
0x00007ffd6a450000 - 0x00007ffd6a4ae000 	C:\WINDOWS\System32\shlwapi.dll
0x00007ffd68200000 - 0x00007ffd68221000 	C:\WINDOWS\SYSTEM32\profapi.dll
0x00007ffd59020000 - 0x00007ffd59033000 	C:\Users\archi\.jdks\openjdk-19.0.2\bin\net.dll
0x00007ffd62890000 - 0x00007ffd629c7000 	C:\WINDOWS\SYSTEM32\WINHTTP.dll
0x00007ffd67790000 - 0x00007ffd677f9000 	C:\WINDOWS\system32\mswsock.dll
0x00007ffd58e90000 - 0x00007ffd58ea6000 	C:\Users\archi\.jdks\openjdk-19.0.2\bin\nio.dll
0x00007ffd556f0000 - 0x00007ffd55708000 	C:\Users\archi\.jdks\openjdk-19.0.2\bin\zip.dll
0x00007ffd61740000 - 0x00007ffd61750000 	C:\Users\archi\.jdks\openjdk-19.0.2\bin\verify.dll
0x00007ffd5f1b0000 - 0x00007ffd5f1d7000 	C:\Users\archi\.gradle\native\68d5fa5c4cc2d200863cafc0d521ce42e7d3e7ee720ec0a83991735586a16f82\windows-amd64\native-platform.dll
0x00007ffd3a050000 - 0x00007ffd3a194000 	C:\Users\archi\.gradle\native\e376f236ea51e6404a007f0833ffe2c6e607c4080706a723a18a27aeea778392\windows-amd64\native-platform-file-events.dll
0x00007ffd5e850000 - 0x00007ffd5e85a000 	C:\Users\archi\.jdks\openjdk-19.0.2\bin\management.dll
0x00007ffd595c0000 - 0x00007ffd595cb000 	C:\Users\archi\.jdks\openjdk-19.0.2\bin\management_ext.dll
0x00007ffd69e30000 - 0x00007ffd69e38000 	C:\WINDOWS\System32\PSAPI.DLL
0x00007ffd679f0000 - 0x00007ffd67a0b000 	C:\WINDOWS\SYSTEM32\CRYPTSP.dll
0x00007ffd67290000 - 0x00007ffd672c5000 	C:\WINDOWS\system32\rsaenh.dll
0x00007ffd67890000 - 0x00007ffd678b8000 	C:\WINDOWS\SYSTEM32\USERENV.dll
0x00007ffd67b90000 - 0x00007ffd67bb8000 	C:\WINDOWS\SYSTEM32\bcrypt.dll
0x00007ffd67a10000 - 0x00007ffd67a1c000 	C:\WINDOWS\SYSTEM32\CRYPTBASE.dll
0x00007ffd66e00000 - 0x00007ffd66e2d000 	C:\WINDOWS\SYSTEM32\IPHLPAPI.DLL
0x00007ffd696d0000 - 0x00007ffd696d9000 	C:\WINDOWS\System32\NSI.dll
0x00007ffd60f20000 - 0x00007ffd60f39000 	C:\WINDOWS\SYSTEM32\dhcpcsvc6.DLL
0x00007ffd60f00000 - 0x00007ffd60f1f000 	C:\WINDOWS\SYSTEM32\dhcpcsvc.DLL
0x00007ffd66e70000 - 0x00007ffd66f63000 	C:\WINDOWS\SYSTEM32\DNSAPI.dll
0x00007ffd59550000 - 0x00007ffd59558000 	C:\Users\archi\.jdks\openjdk-19.0.2\bin\extnet.dll
0x00007ffd59240000 - 0x00007ffd5924e000 	C:\Users\archi\.jdks\openjdk-19.0.2\bin\sunmscapi.dll
0x00007ffd68a30000 - 0x00007ffd68b97000 	C:\WINDOWS\System32\CRYPT32.dll
0x00007ffd67b60000 - 0x00007ffd67b8e000 	C:\WINDOWS\SYSTEM32\ncrypt.dll
0x00007ffd67b20000 - 0x00007ffd67b57000 	C:\WINDOWS\SYSTEM32\NTASN1.dll
0x00007ffd22480000 - 0x00007ffd22488000 	C:\WINDOWS\system32\wshunix.dll

dbghelp: loaded successfully - version: 4.0.5 - missing functions: none
symbol engine: initialized successfully - sym options: 0x614 - pdb path: .;C:\Users\archi\.jdks\openjdk-19.0.2\bin;C:\WINDOWS\SYSTEM32;C:\WINDOWS\WinSxS\amd64_microsoft.windows.common-controls_6595b64144ccf1df_6.0.22621.1635_none_270f70857386168e;C:\Users\archi\.jdks\openjdk-19.0.2\bin\server;C:\Users\archi\.gradle\native\68d5fa5c4cc2d200863cafc0d521ce42e7d3e7ee720ec0a83991735586a16f82\windows-amd64;C:\Users\archi\.gradle\native\e376f236ea51e6404a007f0833ffe2c6e607c4080706a723a18a27aeea778392\windows-amd64

VM Arguments:
jvm_args: --add-opens=java.base/java.util=ALL-UNNAMED --add-opens=java.base/java.lang=ALL-UNNAMED --add-opens=java.base/java.lang.invoke=ALL-UNNAMED --add-opens=java.prefs/java.util.prefs=ALL-UNNAMED --add-opens=java.base/java.nio.charset=ALL-UNNAMED --add-opens=java.base/java.net=ALL-UNNAMED --add-opens=java.base/java.util.concurrent.atomic=ALL-UNNAMED -Xmx2048m -Dfile.encoding=UTF-8 -Duser.country=RU -Duser.language=ru -Duser.variant 
java_command: org.gradle.launcher.daemon.bootstrap.GradleDaemon 8.0
java_class_path (initial): C:\Users\archi\.gradle\wrapper\dists\gradle-8.0-bin\ca5e32bp14vu59qr306oxotwh\gradle-8.0\lib\gradle-launcher-8.0.jar
Launcher Type: SUN_STANDARD

[Global flags]
     intx CICompilerCount                          = 12                                        {product} {ergonomic}
     uint ConcGCThreads                            = 3                                         {product} {ergonomic}
     uint G1ConcRefinementThreads                  = 13                                        {product} {ergonomic}
   size_t G1HeapRegionSize                         = 1048576                                   {product} {ergonomic}
    uintx GCDrainStackTargetSize                   = 64                                        {product} {ergonomic}
   size_t InitialHeapSize                          = 257949696                                 {product} {ergonomic}
   size_t MarkStackSize                            = 4194304                                   {product} {ergonomic}
   size_t MaxHeapSize                              = 2147483648                                {product} {command line}
   size_t MaxNewSize                               = 1287651328                                {product} {ergonomic}
   size_t MinHeapDeltaBytes                        = 1048576                                   {product} {ergonomic}
   size_t MinHeapSize                              = 8388608                                   {product} {ergonomic}
    uintx NonNMethodCodeHeapSize                   = 7602480                                {pd product} {ergonomic}
    uintx NonProfiledCodeHeapSize                  = 122027880                              {pd product} {ergonomic}
    uintx ProfiledCodeHeapSize                     = 122027880                              {pd product} {ergonomic}
    uintx ReservedCodeCacheSize                    = 251658240                              {pd product} {ergonomic}
     bool SegmentedCodeCache                       = true                                      {product} {ergonomic}
   size_t SoftMaxHeapSize                          = 2147483648                             {manageable} {ergonomic}
     bool UseCompressedClassPointers               = true                           {product lp64_product} {ergonomic}
     bool UseCompressedOops                        = true                           {product lp64_product} {ergonomic}
     bool UseG1GC                                  = true                                      {product} {ergonomic}
     bool UseLargePagesIndividualAllocation        = false                                  {pd product} {ergonomic}

Logging:
Log output configuration:
 #0: stdout all=warning uptime,level,tags foldmultilines=false
 #1: stderr all=off uptime,level,tags foldmultilines=false

Environment Variables:
JAVA_HOME=C:\Users\archi\.jdks\jdk18.0.2_9
PATH=C:\Program Files\Common Files\Oracle\Java\javapath;C:\Windows\system32;C:\Windows;C:\Windows\System32\Wbem;C:\Windows\System32\WindowsPowerShell\v1.0\;C:\Windows\System32\OpenSSH\;C:\Program Files (x86)\NVIDIA Corporation\PhysX\Common;C:\Program Files\NVIDIA Corporation\NVIDIA NvDLISR;C:\WINDOWS\system32;C:\WINDOWS;C:\WINDOWS\System32\Wbem;C:\WINDOWS\System32\WindowsPowerShell\v1.0\;C:\WINDOWS\System32\OpenSSH\;C:\Program Files\Git\cmd;C:\Program Files\dotnet\;C:\Users\archi\AppData\Local\Microsoft\WindowsApps;C:\Program Files\Development\flutter\bin
USERNAME=archi
OS=Windows_NT
PROCESSOR_IDENTIFIER=AMD64 Family 25 Model 80 Stepping 0, AuthenticAMD
TMP=C:\Users\archi\AppData\Local\Temp
TEMP=C:\Users\archi\AppData\Local\Temp



---------------  S Y S T E M  ---------------

OS:
 Windows 11 , 64 bit Build 22621 (10.0.22621.1635)
OS uptime: 0 days 1:53 hours

CPU: total 16 (initial active 16) (16 cores per cpu, 2 threads per core) family 25 model 80 stepping 0 microcode 0x0, cx8, cmov, fxsr, ht, mmx, 3dnowpref, sse, sse2, sse3, ssse3, sse4a, sse4.1, sse4.2, popcnt, lzcnt, tsc, tscinvbit, avx, avx2, aes, erms, clmul, bmi1, bmi2, adx, sha, fma, vzeroupper, clflush, clflushopt, rdtscp, rdpid, fsrm

Memory: 4k page, system-wide physical 15720M (1116M free)
TotalPageFile size 23720M (AvailPageFile size 5M)
current process WorkingSet (physical memory assigned to process): 216M, peak: 217M
current process commit charge ("private bytes"): 444M, peak: 447M

vm_info: OpenJDK 64-Bit Server VM (19.0.2+7-44) for windows-amd64 JRE (19.0.2+7-44), built on 2022-11-30T18:02:09Z by "mach5one" with MS VC++ 17.1 (VS2022)

END.
